

Started GET "/hello_world" for ::1 at 2015-04-11 11:44:13 -0500
Processing by HelloWorldController#index as HTML
  Rendered hello_world/index.html.erb within layouts/application (1.6ms)
Completed 200 OK in 1276ms (Views: 1267.2ms | ActiveRecord: 0.0ms)


Started GET "/assets/hello_world-64e62ddc273c2f5847f30d698ca14b67.css?body=1" for ::1 at 2015-04-11 11:44:15 -0500


Started GET "/assets/application-5266d2988799ecc8fe6e81eaab412e7d.css?body=1" for ::1 at 2015-04-11 11:44:15 -0500


Started GET "/assets/jquery-87424c3c19e96d4fb033c10ebe21ec40.js?body=1" for ::1 at 2015-04-11 11:44:15 -0500


Started GET "/assets/turbolinks-f87b3583ca50adb0488b031297f5580d.js?body=1" for ::1 at 2015-04-11 11:44:15 -0500


Started GET "/assets/jquery_ujs-e27bd20a10d28155845a22d71ef94f2f.js?body=1" for ::1 at 2015-04-11 11:44:15 -0500


Started GET "/assets/application-12b8f543cd30f7da91cbc02f9924ff5c.js?body=1" for ::1 at 2015-04-11 11:44:15 -0500


Started GET "/assets/hello_world-fcec5b5a277ac7c20cc9f45a209a3bcd.js?body=1" for ::1 at 2015-04-11 11:44:15 -0500


Started GET "/hello_world" for ::1 at 2015-04-11 11:46:27 -0500
Processing by HelloWorldController#index as HTML
  Rendered hello_world/index.html.erb within layouts/application (0.1ms)
Completed 200 OK in 34ms (Views: 33.4ms | ActiveRecord: 0.0ms)


Started GET "/assets/hello_world-64e62ddc273c2f5847f30d698ca14b67.css?body=1" for ::1 at 2015-04-11 11:46:27 -0500


Started GET "/assets/application-5266d2988799ecc8fe6e81eaab412e7d.css?body=1" for ::1 at 2015-04-11 11:46:27 -0500


Started GET "/assets/jquery_ujs-e27bd20a10d28155845a22d71ef94f2f.js?body=1" for ::1 at 2015-04-11 11:46:27 -0500


Started GET "/assets/hello_world-fcec5b5a277ac7c20cc9f45a209a3bcd.js?body=1" for ::1 at 2015-04-11 11:46:27 -0500


Started GET "/assets/jquery-87424c3c19e96d4fb033c10ebe21ec40.js?body=1" for ::1 at 2015-04-11 11:46:27 -0500


Started GET "/assets/turbolinks-f87b3583ca50adb0488b031297f5580d.js?body=1" for ::1 at 2015-04-11 11:46:27 -0500


Started GET "/assets/application-12b8f543cd30f7da91cbc02f9924ff5c.js?body=1" for ::1 at 2015-04-11 11:46:27 -0500


Started GET "/hello_world" for ::1 at 2015-04-11 11:46:48 -0500
Processing by HelloWorldController#index as HTML
  Rendered hello_world/index.html.erb within layouts/application (0.1ms)
Completed 200 OK in 34ms (Views: 33.6ms | ActiveRecord: 0.0ms)


Started GET "/assets/hello_world-64e62ddc273c2f5847f30d698ca14b67.css?body=1" for ::1 at 2015-04-11 11:46:48 -0500


Started GET "/assets/turbolinks-f87b3583ca50adb0488b031297f5580d.js?body=1" for ::1 at 2015-04-11 11:46:48 -0500


Started GET "/assets/application-5266d2988799ecc8fe6e81eaab412e7d.css?body=1" for ::1 at 2015-04-11 11:46:48 -0500


Started GET "/assets/application-12b8f543cd30f7da91cbc02f9924ff5c.js?body=1" for ::1 at 2015-04-11 11:46:48 -0500


Started GET "/assets/jquery-87424c3c19e96d4fb033c10ebe21ec40.js?body=1" for ::1 at 2015-04-11 11:46:48 -0500


Started GET "/assets/jquery_ujs-e27bd20a10d28155845a22d71ef94f2f.js?body=1" for ::1 at 2015-04-11 11:46:48 -0500


Started GET "/assets/hello_world-fcec5b5a277ac7c20cc9f45a209a3bcd.js?body=1" for ::1 at 2015-04-11 11:46:48 -0500


Started GET "/hello_world" for ::1 at 2015-04-11 11:48:06 -0500
Processing by HelloWorldController#index as HTML
  Rendered hello_world/index.html.erb within layouts/application (0.1ms)
Completed 200 OK in 35ms (Views: 34.4ms | ActiveRecord: 0.0ms)


Started GET "/assets/hello_world-64e62ddc273c2f5847f30d698ca14b67.css?body=1" for ::1 at 2015-04-11 11:48:06 -0500


Started GET "/assets/application-5266d2988799ecc8fe6e81eaab412e7d.css?body=1" for ::1 at 2015-04-11 11:48:06 -0500


Started GET "/assets/jquery_ujs-e27bd20a10d28155845a22d71ef94f2f.js?body=1" for ::1 at 2015-04-11 11:48:06 -0500


Started GET "/assets/application-12b8f543cd30f7da91cbc02f9924ff5c.js?body=1" for ::1 at 2015-04-11 11:48:06 -0500


Started GET "/assets/turbolinks-f87b3583ca50adb0488b031297f5580d.js?body=1" for ::1 at 2015-04-11 11:48:06 -0500


Started GET "/assets/hello_world-fcec5b5a277ac7c20cc9f45a209a3bcd.js?body=1" for ::1 at 2015-04-11 11:48:06 -0500


Started GET "/assets/jquery-87424c3c19e96d4fb033c10ebe21ec40.js?body=1" for ::1 at 2015-04-11 11:48:06 -0500


Started GET "/hello_world" for ::1 at 2015-04-11 11:49:11 -0500
Processing by HelloWorldController#index as HTML
  Rendered hello_world/index.html.erb within layouts/application (0.4ms)
Completed 200 OK in 41ms (Views: 39.8ms | ActiveRecord: 0.0ms)


Started GET "/assets/hello_world-64e62ddc273c2f5847f30d698ca14b67.css?body=1" for ::1 at 2015-04-11 11:49:11 -0500


Started GET "/assets/jquery-87424c3c19e96d4fb033c10ebe21ec40.js?body=1" for ::1 at 2015-04-11 11:49:11 -0500


Started GET "/assets/jquery_ujs-e27bd20a10d28155845a22d71ef94f2f.js?body=1" for ::1 at 2015-04-11 11:49:11 -0500


Started GET "/assets/application-5266d2988799ecc8fe6e81eaab412e7d.css?body=1" for ::1 at 2015-04-11 11:49:11 -0500


Started GET "/assets/hello_world-fcec5b5a277ac7c20cc9f45a209a3bcd.js?body=1" for ::1 at 2015-04-11 11:49:11 -0500


Started GET "/assets/turbolinks-f87b3583ca50adb0488b031297f5580d.js?body=1" for ::1 at 2015-04-11 11:49:11 -0500


Started GET "/assets/application-12b8f543cd30f7da91cbc02f9924ff5c.js?body=1" for ::1 at 2015-04-11 11:49:11 -0500


Started GET "/hello_world" for ::1 at 2015-04-11 11:49:14 -0500
Processing by HelloWorldController#index as HTML
  Rendered hello_world/index.html.erb within layouts/application (0.1ms)
Completed 200 OK in 30ms (Views: 29.8ms | ActiveRecord: 0.0ms)


Started GET "/assets/hello_world-64e62ddc273c2f5847f30d698ca14b67.css?body=1" for ::1 at 2015-04-11 11:49:14 -0500


Started GET "/assets/jquery_ujs-e27bd20a10d28155845a22d71ef94f2f.js?body=1" for ::1 at 2015-04-11 11:49:14 -0500


Started GET "/assets/application-5266d2988799ecc8fe6e81eaab412e7d.css?body=1" for ::1 at 2015-04-11 11:49:14 -0500


Started GET "/assets/hello_world-fcec5b5a277ac7c20cc9f45a209a3bcd.js?body=1" for ::1 at 2015-04-11 11:49:14 -0500


Started GET "/assets/jquery-87424c3c19e96d4fb033c10ebe21ec40.js?body=1" for ::1 at 2015-04-11 11:49:14 -0500


Started GET "/assets/turbolinks-f87b3583ca50adb0488b031297f5580d.js?body=1" for ::1 at 2015-04-11 11:49:14 -0500


Started GET "/assets/application-12b8f543cd30f7da91cbc02f9924ff5c.js?body=1" for ::1 at 2015-04-11 11:49:14 -0500


Started GET "/hello_world" for ::1 at 2015-04-11 11:49:23 -0500
Processing by HelloWorldController#index as HTML
  Rendered hello_world/index.html.erb within layouts/application (0.1ms)
Completed 200 OK in 32ms (Views: 31.6ms | ActiveRecord: 0.0ms)


Started GET "/assets/hello_world-64e62ddc273c2f5847f30d698ca14b67.css?body=1" for ::1 at 2015-04-11 11:49:23 -0500


Started GET "/assets/application-5266d2988799ecc8fe6e81eaab412e7d.css?body=1" for ::1 at 2015-04-11 11:49:23 -0500


Started GET "/assets/jquery_ujs-e27bd20a10d28155845a22d71ef94f2f.js?body=1" for ::1 at 2015-04-11 11:49:23 -0500


Started GET "/assets/hello_world-fcec5b5a277ac7c20cc9f45a209a3bcd.js?body=1" for ::1 at 2015-04-11 11:49:23 -0500


Started GET "/assets/jquery-87424c3c19e96d4fb033c10ebe21ec40.js?body=1" for ::1 at 2015-04-11 11:49:23 -0500


Started GET "/assets/turbolinks-f87b3583ca50adb0488b031297f5580d.js?body=1" for ::1 at 2015-04-11 11:49:23 -0500


Started GET "/assets/application-12b8f543cd30f7da91cbc02f9924ff5c.js?body=1" for ::1 at 2015-04-11 11:49:23 -0500


Started GET "/hello_world" for ::1 at 2015-04-11 11:50:15 -0500
Processing by HelloWorldController#index as HTML
  Rendered hello_world/index.html.erb within layouts/application (0.6ms)
Completed 200 OK in 41ms (Views: 40.5ms | ActiveRecord: 0.0ms)


Started GET "/assets/hello_world-64e62ddc273c2f5847f30d698ca14b67.css?body=1" for ::1 at 2015-04-11 11:50:15 -0500


Started GET "/assets/application-5266d2988799ecc8fe6e81eaab412e7d.css?body=1" for ::1 at 2015-04-11 11:50:15 -0500


Started GET "/assets/jquery_ujs-e27bd20a10d28155845a22d71ef94f2f.js?body=1" for ::1 at 2015-04-11 11:50:15 -0500


Started GET "/assets/hello_world-fcec5b5a277ac7c20cc9f45a209a3bcd.js?body=1" for ::1 at 2015-04-11 11:50:15 -0500


Started GET "/assets/turbolinks-f87b3583ca50adb0488b031297f5580d.js?body=1" for ::1 at 2015-04-11 11:50:15 -0500


Started GET "/assets/jquery-87424c3c19e96d4fb033c10ebe21ec40.js?body=1" for ::1 at 2015-04-11 11:50:15 -0500


Started GET "/assets/application-12b8f543cd30f7da91cbc02f9924ff5c.js?body=1" for ::1 at 2015-04-11 11:50:15 -0500


Started GET "/hello_world" for ::1 at 2015-04-11 11:52:08 -0500
Processing by HelloWorldController#index as HTML
  Rendered hello_world/index.html.erb within layouts/application (0.4ms)
Completed 200 OK in 31ms (Views: 30.5ms | ActiveRecord: 0.0ms)


Started GET "/assets/hello_world-64e62ddc273c2f5847f30d698ca14b67.css?body=1" for ::1 at 2015-04-11 11:52:08 -0500


Started GET "/assets/jquery-87424c3c19e96d4fb033c10ebe21ec40.js?body=1" for ::1 at 2015-04-11 11:52:08 -0500


Started GET "/assets/application-5266d2988799ecc8fe6e81eaab412e7d.css?body=1" for ::1 at 2015-04-11 11:52:08 -0500


Started GET "/assets/jquery_ujs-e27bd20a10d28155845a22d71ef94f2f.js?body=1" for ::1 at 2015-04-11 11:52:08 -0500


Started GET "/assets/turbolinks-f87b3583ca50adb0488b031297f5580d.js?body=1" for ::1 at 2015-04-11 11:52:08 -0500


Started GET "/assets/hello_world-fcec5b5a277ac7c20cc9f45a209a3bcd.js?body=1" for ::1 at 2015-04-11 11:52:08 -0500


Started GET "/assets/application-12b8f543cd30f7da91cbc02f9924ff5c.js?body=1" for ::1 at 2015-04-11 11:52:08 -0500


Started GET "/hello_world" for ::1 at 2015-04-11 11:52:41 -0500
Processing by HelloWorldController#index as HTML
  Rendered hello_world/index.html.erb within layouts/application (0.5ms)
Completed 200 OK in 38ms (Views: 37.6ms | ActiveRecord: 0.0ms)


Started GET "/assets/hello_world-64e62ddc273c2f5847f30d698ca14b67.css?body=1" for ::1 at 2015-04-11 11:52:42 -0500


Started GET "/assets/application-5266d2988799ecc8fe6e81eaab412e7d.css?body=1" for ::1 at 2015-04-11 11:52:42 -0500


Started GET "/assets/jquery_ujs-e27bd20a10d28155845a22d71ef94f2f.js?body=1" for ::1 at 2015-04-11 11:52:42 -0500


Started GET "/assets/turbolinks-f87b3583ca50adb0488b031297f5580d.js?body=1" for ::1 at 2015-04-11 11:52:42 -0500


Started GET "/assets/jquery-87424c3c19e96d4fb033c10ebe21ec40.js?body=1" for ::1 at 2015-04-11 11:52:42 -0500


Started GET "/assets/hello_world-fcec5b5a277ac7c20cc9f45a209a3bcd.js?body=1" for ::1 at 2015-04-11 11:52:42 -0500


Started GET "/assets/application-12b8f543cd30f7da91cbc02f9924ff5c.js?body=1" for ::1 at 2015-04-11 11:52:42 -0500


Started GET "/about_me" for ::1 at 2015-04-11 11:53:35 -0500
Processing by HelloWorldController#index as HTML
  Rendered hello_world/index.html.erb within layouts/application (0.1ms)
Completed 200 OK in 35ms (Views: 34.3ms | ActiveRecord: 0.0ms)


Started GET "/assets/hello_world-64e62ddc273c2f5847f30d698ca14b67.css?body=1" for ::1 at 2015-04-11 11:53:35 -0500


Started GET "/assets/jquery-87424c3c19e96d4fb033c10ebe21ec40.js?body=1" for ::1 at 2015-04-11 11:53:35 -0500


Started GET "/assets/hello_world-fcec5b5a277ac7c20cc9f45a209a3bcd.js?body=1" for ::1 at 2015-04-11 11:53:35 -0500


Started GET "/assets/application-5266d2988799ecc8fe6e81eaab412e7d.css?body=1" for ::1 at 2015-04-11 11:53:35 -0500


Started GET "/assets/jquery_ujs-e27bd20a10d28155845a22d71ef94f2f.js?body=1" for ::1 at 2015-04-11 11:53:35 -0500


Started GET "/assets/turbolinks-f87b3583ca50adb0488b031297f5580d.js?body=1" for ::1 at 2015-04-11 11:53:35 -0500


Started GET "/assets/application-12b8f543cd30f7da91cbc02f9924ff5c.js?body=1" for ::1 at 2015-04-11 11:53:35 -0500


Started GET "/about_me" for ::1 at 2015-04-11 11:54:36 -0500
Processing by HelloWorldController#about as HTML
  Rendered hello_world/about.html.erb within layouts/application (0.4ms)
Completed 200 OK in 34ms (Views: 32.5ms | ActiveRecord: 0.0ms)


Started GET "/assets/hello_world-64e62ddc273c2f5847f30d698ca14b67.css?body=1" for ::1 at 2015-04-11 11:54:36 -0500


Started GET "/assets/turbolinks-f87b3583ca50adb0488b031297f5580d.js?body=1" for ::1 at 2015-04-11 11:54:36 -0500


Started GET "/assets/application-5266d2988799ecc8fe6e81eaab412e7d.css?body=1" for ::1 at 2015-04-11 11:54:36 -0500


Started GET "/assets/jquery-87424c3c19e96d4fb033c10ebe21ec40.js?body=1" for ::1 at 2015-04-11 11:54:36 -0500


Started GET "/assets/jquery_ujs-e27bd20a10d28155845a22d71ef94f2f.js?body=1" for ::1 at 2015-04-11 11:54:36 -0500


Started GET "/assets/hello_world-fcec5b5a277ac7c20cc9f45a209a3bcd.js?body=1" for ::1 at 2015-04-11 11:54:36 -0500


Started GET "/assets/application-12b8f543cd30f7da91cbc02f9924ff5c.js?body=1" for ::1 at 2015-04-11 11:54:36 -0500


Started GET "/about_me" for ::1 at 2015-04-11 11:55:23 -0500
Processing by HelloWorldController#about as HTML
  Rendered hello_world/about.html.erb within layouts/application (0.4ms)
Completed 200 OK in 32ms (Views: 31.5ms | ActiveRecord: 0.0ms)


Started GET "/assets/hello_world-64e62ddc273c2f5847f30d698ca14b67.css?body=1" for ::1 at 2015-04-11 11:55:23 -0500


Started GET "/assets/jquery_ujs-e27bd20a10d28155845a22d71ef94f2f.js?body=1" for ::1 at 2015-04-11 11:55:23 -0500


Started GET "/assets/turbolinks-f87b3583ca50adb0488b031297f5580d.js?body=1" for ::1 at 2015-04-11 11:55:23 -0500


Started GET "/assets/application-5266d2988799ecc8fe6e81eaab412e7d.css?body=1" for ::1 at 2015-04-11 11:55:23 -0500


Started GET "/assets/hello_world-fcec5b5a277ac7c20cc9f45a209a3bcd.js?body=1" for ::1 at 2015-04-11 11:55:23 -0500


Started GET "/assets/jquery-87424c3c19e96d4fb033c10ebe21ec40.js?body=1" for ::1 at 2015-04-11 11:55:23 -0500


Started GET "/assets/application-12b8f543cd30f7da91cbc02f9924ff5c.js?body=1" for ::1 at 2015-04-11 11:55:23 -0500


Started GET "/about_me" for ::1 at 2015-04-11 11:55:35 -0500
Processing by HelloWorldController#about as HTML
  Rendered hello_world/about.html.erb within layouts/application (0.3ms)
Completed 200 OK in 31ms (Views: 30.2ms | ActiveRecord: 0.0ms)


Started GET "/assets/hello_world-64e62ddc273c2f5847f30d698ca14b67.css?body=1" for ::1 at 2015-04-11 11:55:35 -0500


Started GET "/assets/application-5266d2988799ecc8fe6e81eaab412e7d.css?body=1" for ::1 at 2015-04-11 11:55:35 -0500


Started GET "/assets/hello_world-fcec5b5a277ac7c20cc9f45a209a3bcd.js?body=1" for ::1 at 2015-04-11 11:55:35 -0500


Started GET "/assets/turbolinks-f87b3583ca50adb0488b031297f5580d.js?body=1" for ::1 at 2015-04-11 11:55:35 -0500


Started GET "/assets/jquery-87424c3c19e96d4fb033c10ebe21ec40.js?body=1" for ::1 at 2015-04-11 11:55:35 -0500


Started GET "/assets/application-12b8f543cd30f7da91cbc02f9924ff5c.js?body=1" for ::1 at 2015-04-11 11:55:35 -0500


Started GET "/assets/jquery_ujs-e27bd20a10d28155845a22d71ef94f2f.js?body=1" for ::1 at 2015-04-11 11:55:35 -0500


Started GET "/about_me" for ::1 at 2015-04-11 11:55:37 -0500
Processing by HelloWorldController#about as HTML
  Rendered hello_world/about.html.erb within layouts/application (0.1ms)
Completed 200 OK in 33ms (Views: 32.3ms | ActiveRecord: 0.0ms)


Started GET "/assets/hello_world-64e62ddc273c2f5847f30d698ca14b67.css?body=1" for ::1 at 2015-04-11 11:55:37 -0500


Started GET "/assets/application-5266d2988799ecc8fe6e81eaab412e7d.css?body=1" for ::1 at 2015-04-11 11:55:37 -0500


Started GET "/assets/jquery-87424c3c19e96d4fb033c10ebe21ec40.js?body=1" for ::1 at 2015-04-11 11:55:37 -0500


Started GET "/assets/application-12b8f543cd30f7da91cbc02f9924ff5c.js?body=1" for ::1 at 2015-04-11 11:55:37 -0500


Started GET "/assets/turbolinks-f87b3583ca50adb0488b031297f5580d.js?body=1" for ::1 at 2015-04-11 11:55:37 -0500


Started GET "/assets/hello_world-fcec5b5a277ac7c20cc9f45a209a3bcd.js?body=1" for ::1 at 2015-04-11 11:55:37 -0500


Started GET "/assets/jquery_ujs-e27bd20a10d28155845a22d71ef94f2f.js?body=1" for ::1 at 2015-04-11 11:55:37 -0500


Started GET "/about_me" for ::1 at 2015-04-11 11:56:22 -0500
Processing by HelloWorldController#about as HTML
  Rendered hello_world/about.html.erb within layouts/application (0.6ms)
Completed 200 OK in 33ms (Views: 32.7ms | ActiveRecord: 0.0ms)


Started GET "/assets/hello_world-64e62ddc273c2f5847f30d698ca14b67.css?body=1" for ::1 at 2015-04-11 11:56:22 -0500


Started GET "/assets/application-5266d2988799ecc8fe6e81eaab412e7d.css?body=1" for ::1 at 2015-04-11 11:56:22 -0500


Started GET "/assets/turbolinks-f87b3583ca50adb0488b031297f5580d.js?body=1" for ::1 at 2015-04-11 11:56:22 -0500


Started GET "/assets/jquery-87424c3c19e96d4fb033c10ebe21ec40.js?body=1" for ::1 at 2015-04-11 11:56:22 -0500


Started GET "/assets/hello_world-fcec5b5a277ac7c20cc9f45a209a3bcd.js?body=1" for ::1 at 2015-04-11 11:56:22 -0500


Started GET "/assets/jquery_ujs-e27bd20a10d28155845a22d71ef94f2f.js?body=1" for ::1 at 2015-04-11 11:56:22 -0500


Started GET "/assets/application-12b8f543cd30f7da91cbc02f9924ff5c.js?body=1" for ::1 at 2015-04-11 11:56:22 -0500


Started GET "/about_me" for ::1 at 2015-04-11 11:57:20 -0500
Processing by HelloWorldController#about as HTML
  Rendered hello_world/about.html.erb within layouts/application (0.5ms)
Completed 200 OK in 38ms (Views: 37.6ms | ActiveRecord: 0.0ms)


Started GET "/assets/hello_world-64e62ddc273c2f5847f30d698ca14b67.css?body=1" for ::1 at 2015-04-11 11:57:21 -0500


Started GET "/assets/application-5266d2988799ecc8fe6e81eaab412e7d.css?body=1" for ::1 at 2015-04-11 11:57:21 -0500


Started GET "/assets/hello_world-fcec5b5a277ac7c20cc9f45a209a3bcd.js?body=1" for ::1 at 2015-04-11 11:57:21 -0500


Started GET "/assets/jquery-87424c3c19e96d4fb033c10ebe21ec40.js?body=1" for ::1 at 2015-04-11 11:57:21 -0500


Started GET "/assets/jquery_ujs-e27bd20a10d28155845a22d71ef94f2f.js?body=1" for ::1 at 2015-04-11 11:57:21 -0500


Started GET "/assets/turbolinks-f87b3583ca50adb0488b031297f5580d.js?body=1" for ::1 at 2015-04-11 11:57:21 -0500


Started GET "/assets/application-12b8f543cd30f7da91cbc02f9924ff5c.js?body=1" for ::1 at 2015-04-11 11:57:21 -0500


Started GET "/hello_world" for ::1 at 2015-04-11 12:01:59 -0500
Processing by HelloWorldController#index as HTML
  Rendered hello_world/about.html.erb within layouts/application (0.1ms)
Completed 200 OK in 35ms (Views: 34.8ms | ActiveRecord: 0.0ms)


Started GET "/assets/hello_world-64e62ddc273c2f5847f30d698ca14b67.css?body=1" for ::1 at 2015-04-11 12:01:59 -0500


Started GET "/assets/hello_world-fcec5b5a277ac7c20cc9f45a209a3bcd.js?body=1" for ::1 at 2015-04-11 12:01:59 -0500


Started GET "/assets/jquery_ujs-e27bd20a10d28155845a22d71ef94f2f.js?body=1" for ::1 at 2015-04-11 12:01:59 -0500


Started GET "/assets/turbolinks-f87b3583ca50adb0488b031297f5580d.js?body=1" for ::1 at 2015-04-11 12:01:59 -0500


Started GET "/assets/application-5266d2988799ecc8fe6e81eaab412e7d.css?body=1" for ::1 at 2015-04-11 12:01:59 -0500


Started GET "/assets/jquery-87424c3c19e96d4fb033c10ebe21ec40.js?body=1" for ::1 at 2015-04-11 12:01:59 -0500


Started GET "/assets/application-12b8f543cd30f7da91cbc02f9924ff5c.js?body=1" for ::1 at 2015-04-11 12:01:59 -0500


Started GET "/about_me" for ::1 at 2015-04-11 12:02:17 -0500
Processing by HelloWorldController#about as HTML
  Rendered hello_world/about.html.erb within layouts/application (0.1ms)
Completed 200 OK in 30ms (Views: 29.9ms | ActiveRecord: 0.0ms)


Started GET "/assets/hello_world-64e62ddc273c2f5847f30d698ca14b67.css?body=1" for ::1 at 2015-04-11 12:02:17 -0500


Started GET "/assets/hello_world-fcec5b5a277ac7c20cc9f45a209a3bcd.js?body=1" for ::1 at 2015-04-11 12:02:17 -0500


Started GET "/assets/turbolinks-f87b3583ca50adb0488b031297f5580d.js?body=1" for ::1 at 2015-04-11 12:02:17 -0500


Started GET "/assets/application-5266d2988799ecc8fe6e81eaab412e7d.css?body=1" for ::1 at 2015-04-11 12:02:17 -0500


Started GET "/assets/jquery-87424c3c19e96d4fb033c10ebe21ec40.js?body=1" for ::1 at 2015-04-11 12:02:17 -0500


Started GET "/assets/jquery_ujs-e27bd20a10d28155845a22d71ef94f2f.js?body=1" for ::1 at 2015-04-11 12:02:17 -0500


Started GET "/assets/application-12b8f543cd30f7da91cbc02f9924ff5c.js?body=1" for ::1 at 2015-04-11 12:02:17 -0500


Started GET "/hello_world" for ::1 at 2015-04-11 12:03:37 -0500
Processing by HelloWorldController#index as HTML
  Rendered hello_world/about.html.erb within layouts/application (0.1ms)
Completed 200 OK in 34ms (Views: 33.5ms | ActiveRecord: 0.0ms)


Started GET "/assets/hello_world-64e62ddc273c2f5847f30d698ca14b67.css?body=1" for ::1 at 2015-04-11 12:03:37 -0500


Started GET "/assets/jquery_ujs-e27bd20a10d28155845a22d71ef94f2f.js?body=1" for ::1 at 2015-04-11 12:03:37 -0500


Started GET "/assets/application-5266d2988799ecc8fe6e81eaab412e7d.css?body=1" for ::1 at 2015-04-11 12:03:37 -0500


Started GET "/assets/hello_world-fcec5b5a277ac7c20cc9f45a209a3bcd.js?body=1" for ::1 at 2015-04-11 12:03:37 -0500


Started GET "/assets/jquery-87424c3c19e96d4fb033c10ebe21ec40.js?body=1" for ::1 at 2015-04-11 12:03:37 -0500


Started GET "/assets/turbolinks-f87b3583ca50adb0488b031297f5580d.js?body=1" for ::1 at 2015-04-11 12:03:37 -0500


Started GET "/assets/application-12b8f543cd30f7da91cbc02f9924ff5c.js?body=1" for ::1 at 2015-04-11 12:03:37 -0500


Started GET "/hello_world" for ::1 at 2015-04-11 12:03:49 -0500
Processing by HelloWorldController#index as HTML
  Rendered hello_world/about.html.erb within layouts/application (0.1ms)
Completed 200 OK in 28ms (Views: 27.1ms | ActiveRecord: 0.0ms)


Started GET "/assets/hello_world-64e62ddc273c2f5847f30d698ca14b67.css?body=1" for ::1 at 2015-04-11 12:03:49 -0500


Started GET "/assets/jquery-87424c3c19e96d4fb033c10ebe21ec40.js?body=1" for ::1 at 2015-04-11 12:03:49 -0500


Started GET "/assets/hello_world-fcec5b5a277ac7c20cc9f45a209a3bcd.js?body=1" for ::1 at 2015-04-11 12:03:49 -0500


Started GET "/assets/turbolinks-f87b3583ca50adb0488b031297f5580d.js?body=1" for ::1 at 2015-04-11 12:03:49 -0500


Started GET "/assets/jquery_ujs-e27bd20a10d28155845a22d71ef94f2f.js?body=1" for ::1 at 2015-04-11 12:03:49 -0500


Started GET "/assets/application-5266d2988799ecc8fe6e81eaab412e7d.css?body=1" for ::1 at 2015-04-11 12:03:49 -0500


Started GET "/assets/application-12b8f543cd30f7da91cbc02f9924ff5c.js?body=1" for ::1 at 2015-04-11 12:03:49 -0500


Started GET "/hello_world" for ::1 at 2015-04-11 12:04:10 -0500
Processing by HelloWorldController#index as HTML
Completed 500 Internal Server Error in 5ms (ActiveRecord: 0.0ms)

ActionView::MissingTemplate (Missing template hello_world/about_me with {:locale=>[:en], :formats=>[:html], :variants=>[], :handlers=>[:erb, :builder, :raw, :ruby, :coffee, :jbuilder]}. Searched in:
  * "/Users/HanyeWei/hello_world/app/views"
):
  app/controllers/hello_world_controller.rb:9:in `index'


  Rendered /Users/HanyeWei/.rbenv/versions/2.2.0/lib/ruby/gems/2.2.0/gems/actionpack-4.2.1/lib/action_dispatch/middleware/templates/rescues/_source.erb (4.8ms)
  Rendered /Users/HanyeWei/.rbenv/versions/2.2.0/lib/ruby/gems/2.2.0/gems/actionpack-4.2.1/lib/action_dispatch/middleware/templates/rescues/_trace.html.erb (2.0ms)
  Rendered /Users/HanyeWei/.rbenv/versions/2.2.0/lib/ruby/gems/2.2.0/gems/actionpack-4.2.1/lib/action_dispatch/middleware/templates/rescues/_request_and_response.html.erb (1.1ms)
  Rendered /Users/HanyeWei/.rbenv/versions/2.2.0/lib/ruby/gems/2.2.0/gems/actionpack-4.2.1/lib/action_dispatch/middleware/templates/rescues/missing_template.html.erb within rescues/layout (73.8ms)
  Rendered /Users/HanyeWei/.rbenv/versions/2.2.0/lib/ruby/gems/2.2.0/gems/web-console-2.1.2/lib/web_console/templates/_markup.html.erb (0.4ms)
  Rendered /Users/HanyeWei/.rbenv/versions/2.2.0/lib/ruby/gems/2.2.0/gems/web-console-2.1.2/lib/web_console/templates/style.css.erb within layouts/inlined_string (0.3ms)
  Rendered /Users/HanyeWei/.rbenv/versions/2.2.0/lib/ruby/gems/2.2.0/gems/web-console-2.1.2/lib/web_console/templates/_inner_console_markup.html.erb within layouts/inlined_string (0.3ms)
  Rendered /Users/HanyeWei/.rbenv/versions/2.2.0/lib/ruby/gems/2.2.0/gems/web-console-2.1.2/lib/web_console/templates/_prompt_box_markup.html.erb within layouts/inlined_string (0.3ms)
  Rendered /Users/HanyeWei/.rbenv/versions/2.2.0/lib/ruby/gems/2.2.0/gems/web-console-2.1.2/lib/web_console/templates/console.js.erb within layouts/javascript (54.3ms)
  Rendered /Users/HanyeWei/.rbenv/versions/2.2.0/lib/ruby/gems/2.2.0/gems/web-console-2.1.2/lib/web_console/templates/main.js.erb within layouts/javascript (0.4ms)
  Rendered /Users/HanyeWei/.rbenv/versions/2.2.0/lib/ruby/gems/2.2.0/gems/web-console-2.1.2/lib/web_console/templates/error_page.js.erb within layouts/javascript (0.5ms)
  Rendered /Users/HanyeWei/.rbenv/versions/2.2.0/lib/ruby/gems/2.2.0/gems/web-console-2.1.2/lib/web_console/templates/index.html.erb (123.7ms)


Started GET "/about_me" for ::1 at 2015-04-11 12:04:41 -0500
Processing by HelloWorldController#about as HTML
  Rendered hello_world/about.html.erb within layouts/application (0.1ms)
Completed 200 OK in 34ms (Views: 33.4ms | ActiveRecord: 0.0ms)


Started GET "/assets/hello_world-64e62ddc273c2f5847f30d698ca14b67.css?body=1" for ::1 at 2015-04-11 12:04:41 -0500


Started GET "/assets/jquery-87424c3c19e96d4fb033c10ebe21ec40.js?body=1" for ::1 at 2015-04-11 12:04:41 -0500


Started GET "/assets/application-5266d2988799ecc8fe6e81eaab412e7d.css?body=1" for ::1 at 2015-04-11 12:04:41 -0500


Started GET "/assets/jquery_ujs-e27bd20a10d28155845a22d71ef94f2f.js?body=1" for ::1 at 2015-04-11 12:04:41 -0500


Started GET "/assets/turbolinks-f87b3583ca50adb0488b031297f5580d.js?body=1" for ::1 at 2015-04-11 12:04:41 -0500


Started GET "/assets/application-12b8f543cd30f7da91cbc02f9924ff5c.js?body=1" for ::1 at 2015-04-11 12:04:41 -0500


Started GET "/assets/hello_world-fcec5b5a277ac7c20cc9f45a209a3bcd.js?body=1" for ::1 at 2015-04-11 12:04:41 -0500


Started GET "/about_me" for ::1 at 2015-04-11 12:04:56 -0500
Processing by HelloWorldController#about as HTML
  Rendered hello_world/about.html.erb within layouts/application (0.1ms)
Completed 200 OK in 31ms (Views: 30.3ms | ActiveRecord: 0.0ms)


Started GET "/assets/hello_world-64e62ddc273c2f5847f30d698ca14b67.css?body=1" for ::1 at 2015-04-11 12:04:56 -0500


Started GET "/assets/jquery-87424c3c19e96d4fb033c10ebe21ec40.js?body=1" for ::1 at 2015-04-11 12:04:56 -0500


Started GET "/assets/jquery_ujs-e27bd20a10d28155845a22d71ef94f2f.js?body=1" for ::1 at 2015-04-11 12:04:56 -0500


Started GET "/assets/turbolinks-f87b3583ca50adb0488b031297f5580d.js?body=1" for ::1 at 2015-04-11 12:04:56 -0500


Started GET "/assets/application-5266d2988799ecc8fe6e81eaab412e7d.css?body=1" for ::1 at 2015-04-11 12:04:56 -0500


Started GET "/assets/hello_world-fcec5b5a277ac7c20cc9f45a209a3bcd.js?body=1" for ::1 at 2015-04-11 12:04:56 -0500


Started GET "/assets/application-12b8f543cd30f7da91cbc02f9924ff5c.js?body=1" for ::1 at 2015-04-11 12:04:56 -0500


Started GET "/hello_world" for ::1 at 2015-04-11 12:05:09 -0500
Processing by HelloWorldController#index as HTML
Completed 500 Internal Server Error in 2ms (ActiveRecord: 0.0ms)

ActionView::MissingTemplate (Missing template hello_world/about_me with {:locale=>[:en], :formats=>[:html], :variants=>[], :handlers=>[:erb, :builder, :raw, :ruby, :coffee, :jbuilder]}. Searched in:
  * "/Users/HanyeWei/hello_world/app/views"
):
  app/controllers/hello_world_controller.rb:9:in `index'


  Rendered /Users/HanyeWei/.rbenv/versions/2.2.0/lib/ruby/gems/2.2.0/gems/actionpack-4.2.1/lib/action_dispatch/middleware/templates/rescues/_source.erb (5.4ms)
  Rendered /Users/HanyeWei/.rbenv/versions/2.2.0/lib/ruby/gems/2.2.0/gems/actionpack-4.2.1/lib/action_dispatch/middleware/templates/rescues/_trace.html.erb (2.6ms)
  Rendered /Users/HanyeWei/.rbenv/versions/2.2.0/lib/ruby/gems/2.2.0/gems/actionpack-4.2.1/lib/action_dispatch/middleware/templates/rescues/_request_and_response.html.erb (1.0ms)
  Rendered /Users/HanyeWei/.rbenv/versions/2.2.0/lib/ruby/gems/2.2.0/gems/actionpack-4.2.1/lib/action_dispatch/middleware/templates/rescues/missing_template.html.erb within rescues/layout (60.5ms)
  Rendered /Users/HanyeWei/.rbenv/versions/2.2.0/lib/ruby/gems/2.2.0/gems/web-console-2.1.2/lib/web_console/templates/_markup.html.erb (0.5ms)
  Rendered /Users/HanyeWei/.rbenv/versions/2.2.0/lib/ruby/gems/2.2.0/gems/web-console-2.1.2/lib/web_console/templates/style.css.erb within layouts/inlined_string (0.5ms)
  Rendered /Users/HanyeWei/.rbenv/versions/2.2.0/lib/ruby/gems/2.2.0/gems/web-console-2.1.2/lib/web_console/templates/_inner_console_markup.html.erb within layouts/inlined_string (0.4ms)
  Rendered /Users/HanyeWei/.rbenv/versions/2.2.0/lib/ruby/gems/2.2.0/gems/web-console-2.1.2/lib/web_console/templates/_prompt_box_markup.html.erb within layouts/inlined_string (0.5ms)
  Rendered /Users/HanyeWei/.rbenv/versions/2.2.0/lib/ruby/gems/2.2.0/gems/web-console-2.1.2/lib/web_console/templates/console.js.erb within layouts/javascript (52.3ms)
  Rendered /Users/HanyeWei/.rbenv/versions/2.2.0/lib/ruby/gems/2.2.0/gems/web-console-2.1.2/lib/web_console/templates/main.js.erb within layouts/javascript (0.6ms)
  Rendered /Users/HanyeWei/.rbenv/versions/2.2.0/lib/ruby/gems/2.2.0/gems/web-console-2.1.2/lib/web_console/templates/error_page.js.erb within layouts/javascript (0.6ms)
  Rendered /Users/HanyeWei/.rbenv/versions/2.2.0/lib/ruby/gems/2.2.0/gems/web-console-2.1.2/lib/web_console/templates/index.html.erb (115.6ms)


Started GET "/hello_world" for ::1 at 2015-04-11 12:05:14 -0500
Processing by HelloWorldController#index as HTML
  Rendered hello_world/about.html.erb within layouts/application (0.1ms)
Completed 200 OK in 35ms (Views: 34.0ms | ActiveRecord: 0.0ms)


Started GET "/assets/jquery-87424c3c19e96d4fb033c10ebe21ec40.js?body=1" for ::1 at 2015-04-11 12:05:14 -0500


Started GET "/assets/application-5266d2988799ecc8fe6e81eaab412e7d.css?body=1" for ::1 at 2015-04-11 12:05:14 -0500


Started GET "/assets/application-12b8f543cd30f7da91cbc02f9924ff5c.js?body=1" for ::1 at 2015-04-11 12:05:14 -0500


Started GET "/assets/hello_world-fcec5b5a277ac7c20cc9f45a209a3bcd.js?body=1" for ::1 at 2015-04-11 12:05:14 -0500


Started GET "/assets/turbolinks-f87b3583ca50adb0488b031297f5580d.js?body=1" for ::1 at 2015-04-11 12:05:14 -0500


Started GET "/assets/jquery_ujs-e27bd20a10d28155845a22d71ef94f2f.js?body=1" for ::1 at 2015-04-11 12:05:14 -0500


Started GET "/assets/hello_world-64e62ddc273c2f5847f30d698ca14b67.css?body=1" for ::1 at 2015-04-11 12:05:14 -0500


Started GET "/hello_world" for ::1 at 2015-04-11 12:06:24 -0500
Processing by HelloWorldController#index as HTML
  Rendered hello_world/about.html.erb within layouts/application (0.5ms)
Completed 200 OK in 38ms (Views: 37.8ms | ActiveRecord: 0.0ms)


Started GET "/assets/hello_world-64e62ddc273c2f5847f30d698ca14b67.css?body=1" for ::1 at 2015-04-11 12:06:24 -0500


Started GET "/assets/jquery-87424c3c19e96d4fb033c10ebe21ec40.js?body=1" for ::1 at 2015-04-11 12:06:24 -0500


Started GET "/assets/jquery_ujs-e27bd20a10d28155845a22d71ef94f2f.js?body=1" for ::1 at 2015-04-11 12:06:24 -0500


Started GET "/assets/hello_world-fcec5b5a277ac7c20cc9f45a209a3bcd.js?body=1" for ::1 at 2015-04-11 12:06:24 -0500


Started GET "/assets/application-5266d2988799ecc8fe6e81eaab412e7d.css?body=1" for ::1 at 2015-04-11 12:06:24 -0500


Started GET "/assets/turbolinks-f87b3583ca50adb0488b031297f5580d.js?body=1" for ::1 at 2015-04-11 12:06:24 -0500


Started GET "/assets/application-12b8f543cd30f7da91cbc02f9924ff5c.js?body=1" for ::1 at 2015-04-11 12:06:24 -0500


Started GET "/hello_world" for ::1 at 2015-04-11 12:06:26 -0500
Processing by HelloWorldController#index as HTML
  Rendered hello_world/about.html.erb within layouts/application (0.1ms)
Completed 200 OK in 30ms (Views: 29.5ms | ActiveRecord: 0.0ms)


Started GET "/assets/hello_world-64e62ddc273c2f5847f30d698ca14b67.css?body=1" for ::1 at 2015-04-11 12:06:26 -0500


Started GET "/assets/jquery-87424c3c19e96d4fb033c10ebe21ec40.js?body=1" for ::1 at 2015-04-11 12:06:26 -0500


Started GET "/assets/hello_world-fcec5b5a277ac7c20cc9f45a209a3bcd.js?body=1" for ::1 at 2015-04-11 12:06:26 -0500


Started GET "/assets/application-12b8f543cd30f7da91cbc02f9924ff5c.js?body=1" for ::1 at 2015-04-11 12:06:26 -0500


Started GET "/assets/application-5266d2988799ecc8fe6e81eaab412e7d.css?body=1" for ::1 at 2015-04-11 12:06:26 -0500


Started GET "/assets/jquery_ujs-e27bd20a10d28155845a22d71ef94f2f.js?body=1" for ::1 at 2015-04-11 12:06:26 -0500


Started GET "/assets/turbolinks-f87b3583ca50adb0488b031297f5580d.js?body=1" for ::1 at 2015-04-11 12:06:26 -0500


Started GET "/about_me" for ::1 at 2015-04-11 12:06:28 -0500
Processing by HelloWorldController#about as HTML
  Rendered hello_world/about.html.erb within layouts/application (0.1ms)
Completed 200 OK in 30ms (Views: 29.8ms | ActiveRecord: 0.0ms)


Started GET "/assets/jquery-87424c3c19e96d4fb033c10ebe21ec40.js?body=1" for ::1 at 2015-04-11 12:06:28 -0500


Started GET "/assets/application-5266d2988799ecc8fe6e81eaab412e7d.css?body=1" for ::1 at 2015-04-11 12:06:28 -0500


Started GET "/assets/hello_world-64e62ddc273c2f5847f30d698ca14b67.css?body=1" for ::1 at 2015-04-11 12:06:28 -0500


Started GET "/assets/turbolinks-f87b3583ca50adb0488b031297f5580d.js?body=1" for ::1 at 2015-04-11 12:06:28 -0500


Started GET "/assets/jquery_ujs-e27bd20a10d28155845a22d71ef94f2f.js?body=1" for ::1 at 2015-04-11 12:06:28 -0500


Started GET "/assets/hello_world-fcec5b5a277ac7c20cc9f45a209a3bcd.js?body=1" for ::1 at 2015-04-11 12:06:28 -0500


Started GET "/assets/application-12b8f543cd30f7da91cbc02f9924ff5c.js?body=1" for ::1 at 2015-04-11 12:06:28 -0500


Started GET "/hello_world" for ::1 at 2015-04-11 12:07:11 -0500
Processing by HelloWorldController#index as HTML
  Rendered hello_world/index.html.erb within layouts/application (0.1ms)
Completed 200 OK in 34ms (Views: 32.3ms | ActiveRecord: 0.0ms)


Started GET "/assets/hello_world-64e62ddc273c2f5847f30d698ca14b67.css?body=1" for ::1 at 2015-04-11 12:07:11 -0500


Started GET "/assets/hello_world-fcec5b5a277ac7c20cc9f45a209a3bcd.js?body=1" for ::1 at 2015-04-11 12:07:11 -0500


Started GET "/assets/jquery_ujs-e27bd20a10d28155845a22d71ef94f2f.js?body=1" for ::1 at 2015-04-11 12:07:11 -0500


Started GET "/assets/application-5266d2988799ecc8fe6e81eaab412e7d.css?body=1" for ::1 at 2015-04-11 12:07:11 -0500


Started GET "/assets/turbolinks-f87b3583ca50adb0488b031297f5580d.js?body=1" for ::1 at 2015-04-11 12:07:11 -0500


Started GET "/assets/jquery-87424c3c19e96d4fb033c10ebe21ec40.js?body=1" for ::1 at 2015-04-11 12:07:11 -0500


Started GET "/assets/application-12b8f543cd30f7da91cbc02f9924ff5c.js?body=1" for ::1 at 2015-04-11 12:07:11 -0500


Started GET "/hello_world" for ::1 at 2015-04-11 12:08:00 -0500
Processing by HelloWorldController#index as HTML
  Rendered hello_world/about.html.erb within layouts/application (1.4ms)
Completed 200 OK in 37ms (Views: 36.4ms | ActiveRecord: 0.0ms)


Started GET "/assets/hello_world-64e62ddc273c2f5847f30d698ca14b67.css?body=1" for ::1 at 2015-04-11 12:08:00 -0500


Started GET "/assets/jquery-87424c3c19e96d4fb033c10ebe21ec40.js?body=1" for ::1 at 2015-04-11 12:08:00 -0500


Started GET "/assets/turbolinks-f87b3583ca50adb0488b031297f5580d.js?body=1" for ::1 at 2015-04-11 12:08:00 -0500


Started GET "/assets/application-5266d2988799ecc8fe6e81eaab412e7d.css?body=1" for ::1 at 2015-04-11 12:08:00 -0500


Started GET "/assets/hello_world-fcec5b5a277ac7c20cc9f45a209a3bcd.js?body=1" for ::1 at 2015-04-11 12:08:00 -0500


Started GET "/assets/jquery_ujs-e27bd20a10d28155845a22d71ef94f2f.js?body=1" for ::1 at 2015-04-11 12:08:00 -0500


Started GET "/assets/application-12b8f543cd30f7da91cbc02f9924ff5c.js?body=1" for ::1 at 2015-04-11 12:08:00 -0500


Started GET "/hello_world" for ::1 at 2015-04-11 12:08:25 -0500
Processing by HelloWorldController#index as HTML
  Rendered hello_world/about.html.erb within layouts/application (0.4ms)
Completed 200 OK in 34ms (Views: 33.5ms | ActiveRecord: 0.0ms)


Started GET "/assets/hello_world-64e62ddc273c2f5847f30d698ca14b67.css?body=1" for ::1 at 2015-04-11 12:08:25 -0500


Started GET "/assets/application-5266d2988799ecc8fe6e81eaab412e7d.css?body=1" for ::1 at 2015-04-11 12:08:25 -0500


Started GET "/assets/hello_world-fcec5b5a277ac7c20cc9f45a209a3bcd.js?body=1" for ::1 at 2015-04-11 12:08:25 -0500


Started GET "/assets/jquery-87424c3c19e96d4fb033c10ebe21ec40.js?body=1" for ::1 at 2015-04-11 12:08:25 -0500


Started GET "/assets/jquery_ujs-e27bd20a10d28155845a22d71ef94f2f.js?body=1" for ::1 at 2015-04-11 12:08:25 -0500


Started GET "/assets/turbolinks-f87b3583ca50adb0488b031297f5580d.js?body=1" for ::1 at 2015-04-11 12:08:25 -0500


Started GET "/assets/application-12b8f543cd30f7da91cbc02f9924ff5c.js?body=1" for ::1 at 2015-04-11 12:08:25 -0500


Started GET "/" for ::1 at 2015-04-12 16:23:42 -0500

Gem::LoadError (Specified 'sqlite3' for database adapter, but the gem is not loaded. Add `gem 'sqlite3'` to your Gemfile (and ensure its version is at the minimum required by ActiveRecord).):
  activerecord (4.2.1) lib/active_record/connection_adapters/connection_specification.rb:177:in `rescue in spec'
  activerecord (4.2.1) lib/active_record/connection_adapters/connection_specification.rb:174:in `spec'
  activerecord (4.2.1) lib/active_record/connection_handling.rb:50:in `establish_connection'
  activerecord (4.2.1) lib/active_record/railtie.rb:120:in `block (2 levels) in <class:Railtie>'
  activesupport (4.2.1) lib/active_support/lazy_load_hooks.rb:38:in `instance_eval'
  activesupport (4.2.1) lib/active_support/lazy_load_hooks.rb:38:in `execute_hook'
  activesupport (4.2.1) lib/active_support/lazy_load_hooks.rb:45:in `block in run_load_hooks'
  activesupport (4.2.1) lib/active_support/lazy_load_hooks.rb:44:in `each'
  activesupport (4.2.1) lib/active_support/lazy_load_hooks.rb:44:in `run_load_hooks'
  activerecord (4.2.1) lib/active_record/base.rb:316:in `<module:ActiveRecord>'
  activerecord (4.2.1) lib/active_record/base.rb:26:in `<top (required)>'
  activerecord (4.2.1) lib/active_record/migration.rb:384:in `connection'
  activerecord (4.2.1) lib/active_record/migration.rb:371:in `call'
  actionpack (4.2.1) lib/action_dispatch/middleware/callbacks.rb:29:in `block in call'
  activesupport (4.2.1) lib/active_support/callbacks.rb:88:in `call'
  activesupport (4.2.1) lib/active_support/callbacks.rb:88:in `_run_callbacks'
  activesupport (4.2.1) lib/active_support/callbacks.rb:776:in `_run_call_callbacks'
  activesupport (4.2.1) lib/active_support/callbacks.rb:81:in `run_callbacks'
  actionpack (4.2.1) lib/action_dispatch/middleware/callbacks.rb:27:in `call'
  actionpack (4.2.1) lib/action_dispatch/middleware/reloader.rb:73:in `call'
  actionpack (4.2.1) lib/action_dispatch/middleware/remote_ip.rb:78:in `call'
  actionpack (4.2.1) lib/action_dispatch/middleware/debug_exceptions.rb:17:in `call'
  web-console (2.1.2) lib/web_console/middleware.rb:37:in `call'
  actionpack (4.2.1) lib/action_dispatch/middleware/show_exceptions.rb:30:in `call'
  railties (4.2.1) lib/rails/rack/logger.rb:38:in `call_app'
  railties (4.2.1) lib/rails/rack/logger.rb:20:in `block in call'
  activesupport (4.2.1) lib/active_support/tagged_logging.rb:68:in `block in tagged'
  activesupport (4.2.1) lib/active_support/tagged_logging.rb:26:in `tagged'
  activesupport (4.2.1) lib/active_support/tagged_logging.rb:68:in `tagged'
  railties (4.2.1) lib/rails/rack/logger.rb:20:in `call'
  actionpack (4.2.1) lib/action_dispatch/middleware/request_id.rb:21:in `call'
  rack (1.6.0) lib/rack/methodoverride.rb:22:in `call'
  rack (1.6.0) lib/rack/runtime.rb:18:in `call'
  activesupport (4.2.1) lib/active_support/cache/strategy/local_cache_middleware.rb:28:in `call'
  rack (1.6.0) lib/rack/lock.rb:17:in `call'
  actionpack (4.2.1) lib/action_dispatch/middleware/static.rb:113:in `call'
  rack (1.6.0) lib/rack/sendfile.rb:113:in `call'
  railties (4.2.1) lib/rails/engine.rb:518:in `call'
  railties (4.2.1) lib/rails/application.rb:164:in `call'
  rack (1.6.0) lib/rack/lock.rb:17:in `call'
  rack (1.6.0) lib/rack/content_length.rb:15:in `call'
  rack (1.6.0) lib/rack/handler/webrick.rb:89:in `service'
  /Users/HanyeWei/.rbenv/versions/2.2.0/lib/ruby/2.2.0/webrick/httpserver.rb:138:in `service'
  /Users/HanyeWei/.rbenv/versions/2.2.0/lib/ruby/2.2.0/webrick/httpserver.rb:94:in `run'
  /Users/HanyeWei/.rbenv/versions/2.2.0/lib/ruby/2.2.0/webrick/server.rb:294:in `block in start_thread'


  Rendered /Users/HanyeWei/.rbenv/versions/2.2.0/lib/ruby/gems/2.2.0/gems/actionpack-4.2.1/lib/action_dispatch/middleware/templates/rescues/_source.erb (3.0ms)
  Rendered /Users/HanyeWei/.rbenv/versions/2.2.0/lib/ruby/gems/2.2.0/gems/actionpack-4.2.1/lib/action_dispatch/middleware/templates/rescues/_trace.html.erb (1.7ms)
  Rendered /Users/HanyeWei/.rbenv/versions/2.2.0/lib/ruby/gems/2.2.0/gems/actionpack-4.2.1/lib/action_dispatch/middleware/templates/rescues/_request_and_response.html.erb (1.0ms)
  Rendered /Users/HanyeWei/.rbenv/versions/2.2.0/lib/ruby/gems/2.2.0/gems/actionpack-4.2.1/lib/action_dispatch/middleware/templates/rescues/diagnostics.html.erb within rescues/layout (63.1ms)
  Rendered /Users/HanyeWei/.rbenv/versions/2.2.0/lib/ruby/gems/2.2.0/gems/web-console-2.1.2/lib/web_console/templates/_markup.html.erb (0.6ms)
  Rendered /Users/HanyeWei/.rbenv/versions/2.2.0/lib/ruby/gems/2.2.0/gems/web-console-2.1.2/lib/web_console/templates/style.css.erb within layouts/inlined_string (0.4ms)
  Rendered /Users/HanyeWei/.rbenv/versions/2.2.0/lib/ruby/gems/2.2.0/gems/web-console-2.1.2/lib/web_console/templates/_inner_console_markup.html.erb within layouts/inlined_string (0.3ms)
  Rendered /Users/HanyeWei/.rbenv/versions/2.2.0/lib/ruby/gems/2.2.0/gems/web-console-2.1.2/lib/web_console/templates/_prompt_box_markup.html.erb within layouts/inlined_string (0.6ms)
  Rendered /Users/HanyeWei/.rbenv/versions/2.2.0/lib/ruby/gems/2.2.0/gems/web-console-2.1.2/lib/web_console/templates/console.js.erb within layouts/javascript (56.0ms)
  Rendered /Users/HanyeWei/.rbenv/versions/2.2.0/lib/ruby/gems/2.2.0/gems/web-console-2.1.2/lib/web_console/templates/main.js.erb within layouts/javascript (0.3ms)
  Rendered /Users/HanyeWei/.rbenv/versions/2.2.0/lib/ruby/gems/2.2.0/gems/web-console-2.1.2/lib/web_console/templates/error_page.js.erb within layouts/javascript (0.4ms)
  Rendered /Users/HanyeWei/.rbenv/versions/2.2.0/lib/ruby/gems/2.2.0/gems/web-console-2.1.2/lib/web_console/templates/index.html.erb (132.3ms)


Started GET "/" for ::1 at 2015-04-12 16:55:09 -0500
Processing by Rails::WelcomeController#index as HTML
  Rendered /Users/HanyeWei/.rbenv/versions/2.2.0/lib/ruby/gems/2.2.0/gems/railties-4.2.1/lib/rails/templates/rails/welcome/index.html.erb (1.9ms)
Completed 200 OK in 19ms (Views: 10.0ms | ActiveRecord: 0.0ms)


Started GET "/index" for ::1 at 2015-04-12 16:55:19 -0500

ActionController::RoutingError (No route matches [GET] "/index"):
  actionpack (4.2.1) lib/action_dispatch/middleware/debug_exceptions.rb:21:in `call'
  web-console (2.1.2) lib/web_console/middleware.rb:37:in `call'
  actionpack (4.2.1) lib/action_dispatch/middleware/show_exceptions.rb:30:in `call'
  railties (4.2.1) lib/rails/rack/logger.rb:38:in `call_app'
  railties (4.2.1) lib/rails/rack/logger.rb:20:in `block in call'
  activesupport (4.2.1) lib/active_support/tagged_logging.rb:68:in `block in tagged'
  activesupport (4.2.1) lib/active_support/tagged_logging.rb:26:in `tagged'
  activesupport (4.2.1) lib/active_support/tagged_logging.rb:68:in `tagged'
  railties (4.2.1) lib/rails/rack/logger.rb:20:in `call'
  actionpack (4.2.1) lib/action_dispatch/middleware/request_id.rb:21:in `call'
  rack (1.6.0) lib/rack/methodoverride.rb:22:in `call'
  rack (1.6.0) lib/rack/runtime.rb:18:in `call'
  activesupport (4.2.1) lib/active_support/cache/strategy/local_cache_middleware.rb:28:in `call'
  rack (1.6.0) lib/rack/lock.rb:17:in `call'
  actionpack (4.2.1) lib/action_dispatch/middleware/static.rb:113:in `call'
  rack (1.6.0) lib/rack/sendfile.rb:113:in `call'
  railties (4.2.1) lib/rails/engine.rb:518:in `call'
  railties (4.2.1) lib/rails/application.rb:164:in `call'
  rack (1.6.0) lib/rack/lock.rb:17:in `call'
  rack (1.6.0) lib/rack/content_length.rb:15:in `call'
  rack (1.6.0) lib/rack/handler/webrick.rb:89:in `service'
  /Users/HanyeWei/.rbenv/versions/2.2.0/lib/ruby/2.2.0/webrick/httpserver.rb:138:in `service'
  /Users/HanyeWei/.rbenv/versions/2.2.0/lib/ruby/2.2.0/webrick/httpserver.rb:94:in `run'
  /Users/HanyeWei/.rbenv/versions/2.2.0/lib/ruby/2.2.0/webrick/server.rb:294:in `block in start_thread'


  Rendered /Users/HanyeWei/.rbenv/versions/2.2.0/lib/ruby/gems/2.2.0/gems/actionpack-4.2.1/lib/action_dispatch/middleware/templates/rescues/_trace.html.erb (1.4ms)
  Rendered /Users/HanyeWei/.rbenv/versions/2.2.0/lib/ruby/gems/2.2.0/gems/actionpack-4.2.1/lib/action_dispatch/middleware/templates/routes/_route.html.erb (0.7ms)
  Rendered /Users/HanyeWei/.rbenv/versions/2.2.0/lib/ruby/gems/2.2.0/gems/actionpack-4.2.1/lib/action_dispatch/middleware/templates/routes/_table.html.erb (7.5ms)
  Rendered /Users/HanyeWei/.rbenv/versions/2.2.0/lib/ruby/gems/2.2.0/gems/actionpack-4.2.1/lib/action_dispatch/middleware/templates/rescues/_request_and_response.html.erb (1.8ms)
  Rendered /Users/HanyeWei/.rbenv/versions/2.2.0/lib/ruby/gems/2.2.0/gems/actionpack-4.2.1/lib/action_dispatch/middleware/templates/rescues/routing_error.html.erb within rescues/layout (87.2ms)
  Rendered /Users/HanyeWei/.rbenv/versions/2.2.0/lib/ruby/gems/2.2.0/gems/web-console-2.1.2/lib/web_console/templates/_markup.html.erb (0.4ms)
  Rendered /Users/HanyeWei/.rbenv/versions/2.2.0/lib/ruby/gems/2.2.0/gems/web-console-2.1.2/lib/web_console/templates/style.css.erb within layouts/inlined_string (0.5ms)
  Rendered /Users/HanyeWei/.rbenv/versions/2.2.0/lib/ruby/gems/2.2.0/gems/web-console-2.1.2/lib/web_console/templates/_inner_console_markup.html.erb within layouts/inlined_string (0.3ms)
  Rendered /Users/HanyeWei/.rbenv/versions/2.2.0/lib/ruby/gems/2.2.0/gems/web-console-2.1.2/lib/web_console/templates/_prompt_box_markup.html.erb within layouts/inlined_string (0.3ms)
  Rendered /Users/HanyeWei/.rbenv/versions/2.2.0/lib/ruby/gems/2.2.0/gems/web-console-2.1.2/lib/web_console/templates/console.js.erb within layouts/javascript (53.2ms)
  Rendered /Users/HanyeWei/.rbenv/versions/2.2.0/lib/ruby/gems/2.2.0/gems/web-console-2.1.2/lib/web_console/templates/main.js.erb within layouts/javascript (0.3ms)
  Rendered /Users/HanyeWei/.rbenv/versions/2.2.0/lib/ruby/gems/2.2.0/gems/web-console-2.1.2/lib/web_console/templates/error_page.js.erb within layouts/javascript (0.4ms)
  Rendered /Users/HanyeWei/.rbenv/versions/2.2.0/lib/ruby/gems/2.2.0/gems/web-console-2.1.2/lib/web_console/templates/index.html.erb (117.1ms)


Started GET "/hello_world" for ::1 at 2015-04-12 16:55:33 -0500
Processing by HelloWorldController#index as HTML
  Rendered hello_world/about.html.erb within layouts/application (0.5ms)
Completed 200 OK in 77ms (Views: 76.5ms | ActiveRecord: 0.0ms)


Started GET "/assets/jquery_ujs-e27bd20a10d28155845a22d71ef94f2f.js?body=1" for ::1 at 2015-04-12 16:55:33 -0500


Started GET "/assets/turbolinks-f87b3583ca50adb0488b031297f5580d.js?body=1" for ::1 at 2015-04-12 16:55:33 -0500


Started GET "/assets/hello_world-64e62ddc273c2f5847f30d698ca14b67.css?body=1" for ::1 at 2015-04-12 16:55:33 -0500


Started GET "/assets/hello_world-fcec5b5a277ac7c20cc9f45a209a3bcd.js?body=1" for ::1 at 2015-04-12 16:55:33 -0500


Started GET "/assets/jquery-87424c3c19e96d4fb033c10ebe21ec40.js?body=1" for ::1 at 2015-04-12 16:55:33 -0500


Started GET "/assets/application-5266d2988799ecc8fe6e81eaab412e7d.css?body=1" for ::1 at 2015-04-12 16:55:33 -0500


Started GET "/assets/application-12b8f543cd30f7da91cbc02f9924ff5c.js?body=1" for ::1 at 2015-04-12 16:55:33 -0500


Started GET "/index" for ::1 at 2015-04-12 16:56:54 -0500

ActionController::RoutingError (No route matches [GET] "/index"):
  actionpack (4.2.1) lib/action_dispatch/middleware/debug_exceptions.rb:21:in `call'
  web-console (2.1.2) lib/web_console/middleware.rb:37:in `call'
  actionpack (4.2.1) lib/action_dispatch/middleware/show_exceptions.rb:30:in `call'
  railties (4.2.1) lib/rails/rack/logger.rb:38:in `call_app'
  railties (4.2.1) lib/rails/rack/logger.rb:20:in `block in call'
  activesupport (4.2.1) lib/active_support/tagged_logging.rb:68:in `block in tagged'
  activesupport (4.2.1) lib/active_support/tagged_logging.rb:26:in `tagged'
  activesupport (4.2.1) lib/active_support/tagged_logging.rb:68:in `tagged'
  railties (4.2.1) lib/rails/rack/logger.rb:20:in `call'
  actionpack (4.2.1) lib/action_dispatch/middleware/request_id.rb:21:in `call'
  rack (1.6.0) lib/rack/methodoverride.rb:22:in `call'
  rack (1.6.0) lib/rack/runtime.rb:18:in `call'
  activesupport (4.2.1) lib/active_support/cache/strategy/local_cache_middleware.rb:28:in `call'
  rack (1.6.0) lib/rack/lock.rb:17:in `call'
  actionpack (4.2.1) lib/action_dispatch/middleware/static.rb:113:in `call'
  rack (1.6.0) lib/rack/sendfile.rb:113:in `call'
  railties (4.2.1) lib/rails/engine.rb:518:in `call'
  railties (4.2.1) lib/rails/application.rb:164:in `call'
  rack (1.6.0) lib/rack/lock.rb:17:in `call'
  rack (1.6.0) lib/rack/content_length.rb:15:in `call'
  rack (1.6.0) lib/rack/handler/webrick.rb:89:in `service'
  /Users/HanyeWei/.rbenv/versions/2.2.0/lib/ruby/2.2.0/webrick/httpserver.rb:138:in `service'
  /Users/HanyeWei/.rbenv/versions/2.2.0/lib/ruby/2.2.0/webrick/httpserver.rb:94:in `run'
  /Users/HanyeWei/.rbenv/versions/2.2.0/lib/ruby/2.2.0/webrick/server.rb:294:in `block in start_thread'


  Rendered /Users/HanyeWei/.rbenv/versions/2.2.0/lib/ruby/gems/2.2.0/gems/actionpack-4.2.1/lib/action_dispatch/middleware/templates/rescues/_trace.html.erb (1.4ms)
  Rendered /Users/HanyeWei/.rbenv/versions/2.2.0/lib/ruby/gems/2.2.0/gems/actionpack-4.2.1/lib/action_dispatch/middleware/templates/routes/_route.html.erb (0.7ms)
  Rendered /Users/HanyeWei/.rbenv/versions/2.2.0/lib/ruby/gems/2.2.0/gems/actionpack-4.2.1/lib/action_dispatch/middleware/templates/routes/_table.html.erb (1.3ms)
  Rendered /Users/HanyeWei/.rbenv/versions/2.2.0/lib/ruby/gems/2.2.0/gems/actionpack-4.2.1/lib/action_dispatch/middleware/templates/rescues/_request_and_response.html.erb (1.8ms)
  Rendered /Users/HanyeWei/.rbenv/versions/2.2.0/lib/ruby/gems/2.2.0/gems/actionpack-4.2.1/lib/action_dispatch/middleware/templates/rescues/routing_error.html.erb within rescues/layout (71.2ms)
  Rendered /Users/HanyeWei/.rbenv/versions/2.2.0/lib/ruby/gems/2.2.0/gems/web-console-2.1.2/lib/web_console/templates/_markup.html.erb (0.5ms)
  Rendered /Users/HanyeWei/.rbenv/versions/2.2.0/lib/ruby/gems/2.2.0/gems/web-console-2.1.2/lib/web_console/templates/style.css.erb within layouts/inlined_string (0.3ms)
  Rendered /Users/HanyeWei/.rbenv/versions/2.2.0/lib/ruby/gems/2.2.0/gems/web-console-2.1.2/lib/web_console/templates/_inner_console_markup.html.erb within layouts/inlined_string (0.3ms)
  Rendered /Users/HanyeWei/.rbenv/versions/2.2.0/lib/ruby/gems/2.2.0/gems/web-console-2.1.2/lib/web_console/templates/_prompt_box_markup.html.erb within layouts/inlined_string (0.3ms)
  Rendered /Users/HanyeWei/.rbenv/versions/2.2.0/lib/ruby/gems/2.2.0/gems/web-console-2.1.2/lib/web_console/templates/console.js.erb within layouts/javascript (50.7ms)
  Rendered /Users/HanyeWei/.rbenv/versions/2.2.0/lib/ruby/gems/2.2.0/gems/web-console-2.1.2/lib/web_console/templates/main.js.erb within layouts/javascript (0.3ms)
  Rendered /Users/HanyeWei/.rbenv/versions/2.2.0/lib/ruby/gems/2.2.0/gems/web-console-2.1.2/lib/web_console/templates/error_page.js.erb within layouts/javascript (0.4ms)
  Rendered /Users/HanyeWei/.rbenv/versions/2.2.0/lib/ruby/gems/2.2.0/gems/web-console-2.1.2/lib/web_console/templates/index.html.erb (121.3ms)


Started GET "/" for ::1 at 2015-04-12 16:56:57 -0500
Processing by HelloWorldController#index as HTML
  Rendered hello_world/about.html.erb within layouts/application (0.1ms)
Completed 200 OK in 37ms (Views: 35.6ms | ActiveRecord: 0.0ms)


Started GET "/assets/hello_world-64e62ddc273c2f5847f30d698ca14b67.css?body=1" for ::1 at 2015-04-12 16:56:57 -0500


Started GET "/assets/application-12b8f543cd30f7da91cbc02f9924ff5c.js?body=1" for ::1 at 2015-04-12 16:56:57 -0500


Started GET "/assets/application-5266d2988799ecc8fe6e81eaab412e7d.css?body=1" for ::1 at 2015-04-12 16:56:57 -0500


Started GET "/assets/hello_world-fcec5b5a277ac7c20cc9f45a209a3bcd.js?body=1" for ::1 at 2015-04-12 16:56:57 -0500


Started GET "/plot1" for ::1 at 2015-04-12 16:57:25 -0500
Processing by HelloWorldController#index as HTML
  Rendered hello_world/about.html.erb within layouts/application (0.1ms)
Completed 200 OK in 35ms (Views: 34.1ms | ActiveRecord: 0.0ms)


Started GET "/assets/hello_world-64e62ddc273c2f5847f30d698ca14b67.css?body=1" for ::1 at 2015-04-12 16:57:26 -0500


Started GET "/assets/application-5266d2988799ecc8fe6e81eaab412e7d.css?body=1" for ::1 at 2015-04-12 16:57:26 -0500


Started GET "/assets/application-12b8f543cd30f7da91cbc02f9924ff5c.js?body=1" for ::1 at 2015-04-12 16:57:26 -0500


Started GET "/assets/hello_world-fcec5b5a277ac7c20cc9f45a209a3bcd.js?body=1" for ::1 at 2015-04-12 16:57:26 -0500


Started GET "/plot2" for ::1 at 2015-04-12 16:57:30 -0500
Processing by HelloWorldController#about as HTML
  Rendered hello_world/about.html.erb within layouts/application (0.4ms)
Completed 200 OK in 35ms (Views: 34.8ms | ActiveRecord: 0.0ms)


Started GET "/assets/hello_world-64e62ddc273c2f5847f30d698ca14b67.css?body=1" for ::1 at 2015-04-12 16:57:30 -0500


Started GET "/assets/application-12b8f543cd30f7da91cbc02f9924ff5c.js?body=1" for ::1 at 2015-04-12 16:57:30 -0500


Started GET "/assets/application-5266d2988799ecc8fe6e81eaab412e7d.css?body=1" for ::1 at 2015-04-12 16:57:30 -0500


Started GET "/assets/hello_world-fcec5b5a277ac7c20cc9f45a209a3bcd.js?body=1" for ::1 at 2015-04-12 16:57:30 -0500
